#
# There is insufficient memory for the Java Runtime Environment to continue.
# Native memory allocation (malloc) failed to allocate 1053376 bytes for Chunk::new
# Possible reasons:
#   The system is out of physical RAM or swap space
#   The process is running with CompressedOops enabled, and the Java Heap may be blocking the growth of the native heap
# Possible solutions:
#   Reduce memory load on the system
#   Increase physical memory or swap space
#   Check if swap backing store is full
#   Decrease Java heap size (-Xmx/-Xms)
#   Decrease number of Java threads
#   Decrease Java thread stack sizes (-Xss)
#   Set larger code cache with -XX:ReservedCodeCacheSize=
#   JVM is running with Unscaled Compressed Oops mode in which the Java heap is
#     placed in the first 4GB address space. The Java Heap base address is the
#     maximum limit for the native heap growth. Please use -XX:HeapBaseMinAddress
#     to set the Java Heap base and to place the Java Heap above 4GB virtual address.
# This output file may be truncated or incomplete.
#
#  Out of Memory Error (arena.cpp:189), pid=25192, tid=23696
#
# JRE version: OpenJDK Runtime Environment Temurin-17.0.5+8 (17.0.5+8) (build 17.0.5+8)
# Java VM: OpenJDK 64-Bit Server VM Temurin-17.0.5+8 (17.0.5+8, mixed mode, tiered, compressed oops, compressed class ptrs, parallel gc, windows-amd64)
# No core dump will be written. Minidumps are not enabled by default on client versions of Windows
#

---------------  S U M M A R Y ------------

Command Line: --add-modules=ALL-SYSTEM --add-opens=java.base/java.util=ALL-UNNAMED --add-opens=java.base/java.lang=ALL-UNNAMED --add-opens=java.base/sun.nio.fs=ALL-UNNAMED -Declipse.application=org.eclipse.jdt.ls.core.id1 -Dosgi.bundles.defaultStartLevel=4 -Declipse.product=org.eclipse.jdt.ls.core.product -Djava.import.generatesMetadataFilesAtProjectRoot=false -Dfile.encoding=utf8 -XX:+UseParallelGC -XX:GCTimeRatio=4 -XX:AdaptiveSizePolicyWeight=90 -Dsun.zip.disableMemoryMapping=true -Xmx1G -Xms100m -Xlog:disable -javaagent:c:\Users\Alejo\.vscode\extensions\redhat.java-1.14.0-win32-x64\lombok\lombok-1.18.24.jar -XX:+HeapDumpOnOutOfMemoryError -XX:HeapDumpPath=c:\Users\Alejo\AppData\Roaming\Code\User\workspaceStorage\b5ff5aca6eeaf91d04012298768f7f42\redhat.java c:\Users\Alejo\.vscode\extensions\redhat.java-1.14.0-win32-x64\server\plugins\org.eclipse.equinox.launcher_1.6.400.v20210924-0641.jar -configuration c:\Users\Alejo\AppData\Roaming\Code\User\globalStorage\redhat.java\1.14.0\config_win -data c:\Users\Alejo\AppData\Roaming\Code\User\workspaceStorage\b5ff5aca6eeaf91d04012298768f7f42\redhat.java\jdt_ws

Host: Intel(R) Core(TM) i5-8300H CPU @ 2.30GHz, 8 cores, 15G,  Windows 11 , 64 bit Build 22621 (10.0.22621.1105)
Time: Fri Jan 27 14:48:05 2023 Hora est. Pacífico, Sudamérica elapsed time: 30.202550 seconds (0d 0h 0m 30s)

---------------  T H R E A D  ---------------

Current thread (0x000002de25c49d10):  JavaThread "C2 CompilerThread0" daemon [_thread_in_native, id=23696, stack(0x000000fa7ea00000,0x000000fa7eb00000)]


Current CompileTask:
C2:  30204 5544       4       org.eclipse.jdt.internal.core.search.indexing.BinaryIndexer::extractReferenceFromConstantPool (341 bytes)

Stack: [0x000000fa7ea00000,0x000000fa7eb00000]
Native frames: (J=compiled Java code, j=interpreted, Vv=VM code, C=native code)
V  [jvm.dll+0x676b3a]
V  [jvm.dll+0x831444]
V  [jvm.dll+0x832bee]
V  [jvm.dll+0x833253]
V  [jvm.dll+0x244ce5]
V  [jvm.dll+0xabbac]
V  [jvm.dll+0xac17c]
V  [jvm.dll+0x2abd2f]
V  [jvm.dll+0x57d517]
V  [jvm.dll+0x21fd72]
V  [jvm.dll+0x22014f]
V  [jvm.dll+0x2199a5]
V  [jvm.dll+0x216e6b]
V  [jvm.dll+0x1a343d]
V  [jvm.dll+0x22698a]
V  [jvm.dll+0x224ac5]
V  [jvm.dll+0x7e727b]
V  [jvm.dll+0x7e17ea]
V  [jvm.dll+0x6759e5]
C  [ucrtbase.dll+0x29363]
C  [KERNEL32.DLL+0x126bd]
C  [ntdll.dll+0x5dfb8]


---------------  P R O C E S S  ---------------

Threads class SMR info:
_java_thread_list=0x000002de2bea2cc0, length=25, elements={
0x000002de102cd440, 0x000002de1038e9d0, 0x000002de24141fa0, 0x000002de2414be70,
0x000002de2414e740, 0x000002de25c483f0, 0x000002de25c49450, 0x000002de25c49d10,
0x000002de25cadc70, 0x000002de25cb8920, 0x000002de25d49e50, 0x000002de25f62b90,
0x000002de2721a7c0, 0x000002de2721da60, 0x000002de26e24600, 0x000002de26c082a0,
0x000002de273cd300, 0x000002de27393d50, 0x000002de26d38d40, 0x000002de26d3a550,
0x000002de26d3a080, 0x000002de26d39bb0, 0x000002de26d3aa20, 0x000002de26d37ed0,
0x000002de26d37530
}

Java Threads: ( => current thread )
  0x000002de102cd440 JavaThread "main" [_thread_blocked, id=13144, stack(0x000000fa7e100000,0x000000fa7e200000)]
  0x000002de1038e9d0 JavaThread "Reference Handler" daemon [_thread_blocked, id=9892, stack(0x000000fa7e400000,0x000000fa7e500000)]
  0x000002de24141fa0 JavaThread "Finalizer" daemon [_thread_blocked, id=2536, stack(0x000000fa7e500000,0x000000fa7e600000)]
  0x000002de2414be70 JavaThread "Signal Dispatcher" daemon [_thread_blocked, id=15560, stack(0x000000fa7e600000,0x000000fa7e700000)]
  0x000002de2414e740 JavaThread "Attach Listener" daemon [_thread_blocked, id=17576, stack(0x000000fa7e700000,0x000000fa7e800000)]
  0x000002de25c483f0 JavaThread "Service Thread" daemon [_thread_blocked, id=22396, stack(0x000000fa7e800000,0x000000fa7e900000)]
  0x000002de25c49450 JavaThread "Monitor Deflation Thread" daemon [_thread_blocked, id=14832, stack(0x000000fa7e900000,0x000000fa7ea00000)]
=>0x000002de25c49d10 JavaThread "C2 CompilerThread0" daemon [_thread_in_native, id=23696, stack(0x000000fa7ea00000,0x000000fa7eb00000)]
  0x000002de25cadc70 JavaThread "C1 CompilerThread0" daemon [_thread_blocked, id=20524, stack(0x000000fa7eb00000,0x000000fa7ec00000)]
  0x000002de25cb8920 JavaThread "Sweeper thread" daemon [_thread_blocked, id=26208, stack(0x000000fa7ec00000,0x000000fa7ed00000)]
  0x000002de25d49e50 JavaThread "Common-Cleaner" daemon [_thread_blocked, id=7984, stack(0x000000fa7ed00000,0x000000fa7ee00000)]
  0x000002de25f62b90 JavaThread "Notification Thread" daemon [_thread_blocked, id=20248, stack(0x000000fa7ee00000,0x000000fa7ef00000)]
  0x000002de2721a7c0 JavaThread "Active Thread: Equinox Container: f2389bdb-1a70-43c0-bb1b-f9d31ad1279e" [_thread_blocked, id=2112, stack(0x000000fa7f700000,0x000000fa7f800000)]
  0x000002de2721da60 JavaThread "Framework Event Dispatcher: Equinox Container: f2389bdb-1a70-43c0-bb1b-f9d31ad1279e" daemon [_thread_blocked, id=24496, stack(0x000000fa7f600000,0x000000fa7f700000)]
  0x000002de26e24600 JavaThread "Start Level: Equinox Container: f2389bdb-1a70-43c0-bb1b-f9d31ad1279e" daemon [_thread_blocked, id=112, stack(0x000000fa7f800000,0x000000fa7f900000)]
  0x000002de26c082a0 JavaThread "SCR Component Actor" daemon [_thread_blocked, id=14984, stack(0x000000fa7f900000,0x000000fa7fa00000)]
  0x000002de273cd300 JavaThread "Worker-JM" [_thread_blocked, id=10352, stack(0x000000fa7fc00000,0x000000fa7fd00000)]
  0x000002de27393d50 JavaThread "Worker-0: Java indexing... " [_thread_blocked, id=18740, stack(0x000000fa7fe00000,0x000000fa7ff00000)]
  0x000002de26d38d40 JavaThread "Worker-1" [_thread_blocked, id=25304, stack(0x000000fa7ff00000,0x000000fa80000000)]
  0x000002de26d3a550 JavaThread "Worker-2: Updating workspace" [_thread_blocked, id=15744, stack(0x000000fa00000000,0x000000fa00100000)]
  0x000002de26d3a080 JavaThread "Java indexing" daemon [_thread_in_Java, id=13360, stack(0x000000fa00100000,0x000000fa00200000)]
  0x000002de26d39bb0 JavaThread "Worker-3: Initialize Workspace" [_thread_in_native, id=6792, stack(0x000000fa00200000,0x000000fa00300000)]
  0x000002de26d3aa20 JavaThread "JNA Cleaner" daemon [_thread_blocked, id=14840, stack(0x000000fa00300000,0x000000fa00400000)]
  0x000002de26d37ed0 JavaThread "pool-2-thread-1" [_thread_blocked, id=12636, stack(0x000000fa00400000,0x000000fa00500000)]
  0x000002de26d37530 JavaThread "pool-1-thread-1" [_thread_blocked, id=25796, stack(0x000000fa00500000,0x000000fa00600000)]

Other Threads:
  0x000002de2413fc40 VMThread "VM Thread" [stack: 0x000000fa7e300000,0x000000fa7e400000] [id=26144]
  0x000002de26c10810 WatcherThread [stack: 0x000000fa7ef00000,0x000000fa7f000000] [id=17536]
  0x000002de102e3460 GCTaskThread "GC Thread#0" [stack: 0x000000fa7e200000,0x000000fa7e300000] [id=19540]
  0x000002de271090f0 GCTaskThread "GC Thread#1" [stack: 0x000000fa7f000000,0x000000fa7f100000] [id=21568]
  0x000002de27258050 GCTaskThread "GC Thread#2" [stack: 0x000000fa7f100000,0x000000fa7f200000] [id=19764]
  0x000002de27258300 GCTaskThread "GC Thread#3" [stack: 0x000000fa7f200000,0x000000fa7f300000] [id=19652]
  0x000002de272585b0 GCTaskThread "GC Thread#4" [stack: 0x000000fa7f300000,0x000000fa7f400000] [id=3064]
  0x000002de27258860 GCTaskThread "GC Thread#5" [stack: 0x000000fa7f400000,0x000000fa7f500000] [id=23780]
  0x000002de27258b10 GCTaskThread "GC Thread#6" [stack: 0x000000fa7f500000,0x000000fa7f600000] [id=5448]
  0x000002de26c0fcc0 GCTaskThread "GC Thread#7" [stack: 0x000000fa7fa00000,0x000000fa7fb00000] [id=13884]

Threads with active compile tasks:
C2 CompilerThread0    30266 5544       4       org.eclipse.jdt.internal.core.search.indexing.BinaryIndexer::extractReferenceFromConstantPool (341 bytes)

VM state: not at safepoint (normal execution)

VM Mutex/Monitor currently owned by a thread: None

Heap address: 0x00000000c0000000, size: 1024 MB, Compressed Oops mode: 32-bit

CDS archive(s) not mapped
Compressed class space mapped at: 0x0000000100000000-0x0000000140000000, reserved size: 1073741824
Narrow klass base: 0x0000000000000000, Narrow klass shift: 3, Narrow klass range: 0x140000000

GC Precious Log:
 CPUs: 8 total, 8 available
 Memory: 16224M
 Large Page Support: Disabled
 NUMA Support: Disabled
 Compressed Oops: Enabled (32-bit)
 Alignments: Space 512K, Generation 512K, Heap 2M
 Heap Min Capacity: 100M
 Heap Initial Capacity: 100M
 Heap Max Capacity: 1G
 Pre-touch: Disabled
 Parallel Workers: 8

Heap:
 PSYoungGen      total 20992K, used 8831K [0x00000000eab00000, 0x00000000ec400000, 0x0000000100000000)
  eden space 17408K, 31% used [0x00000000eab00000,0x00000000eb04f9b8,0x00000000ebc00000)
  from space 3584K, 94% used [0x00000000ec080000,0x00000000ec3d02a0,0x00000000ec400000)
  to   space 4096K, 0% used [0x00000000ebc00000,0x00000000ebc00000,0x00000000ec000000)
 ParOldGen       total 95232K, used 69864K [0x00000000c0000000, 0x00000000c5d00000, 0x00000000eab00000)
  object space 95232K, 73% used [0x00000000c0000000,0x00000000c443a160,0x00000000c5d00000)
 Metaspace       used 48267K, committed 49088K, reserved 1097728K
  class space    used 5187K, committed 5568K, reserved 1048576K

Card table byte_map: [0x000002de0fc90000,0x000002de0fea0000] _byte_map_base: 0x000002de0f690000

Marking Bits: (ParMarkBitMap*) 0x00007ff831db0dd0
 Begin Bits: [0x000002de21f50000, 0x000002de22f50000)
 End Bits:   [0x000002de22f50000, 0x000002de23f50000)

Polling page: 0x000002de0e2d0000

Metaspace:

Usage:
  Non-class:     42.07 MB used.
      Class:      5.07 MB used.
       Both:     47.14 MB used.

Virtual space:
  Non-class space:       48.00 MB reserved,      42.50 MB ( 89%) committed,  6 nodes.
      Class space:        1.00 GB reserved,       5.44 MB ( <1%) committed,  1 nodes.
             Both:        1.05 GB reserved,      47.94 MB (  4%) committed. 

Chunk freelists:
   Non-Class:  1.44 MB
       Class:  2.42 MB
        Both:  3.86 MB

MaxMetaspaceSize: unlimited
CompressedClassSpaceSize: 1.00 GB
Initial GC threshold: 21.00 MB
Current GC threshold: 79.81 MB
CDS: off
MetaspaceReclaimPolicy: balanced
 - commit_granule_bytes: 65536.
 - commit_granule_words: 8192.
 - virtual_space_node_default_size: 1048576.
 - enlarge_chunks_in_place: 1.
 - new_chunks_are_fully_committed: 0.
 - uncommit_free_chunks: 1.
 - use_allocation_guard: 0.
 - handle_deallocations: 1.


Internal statistics:

num_allocs_failed_limit: 6.
num_arena_births: 360.
num_arena_deaths: 14.
num_vsnodes_births: 7.
num_vsnodes_deaths: 0.
num_space_committed: 767.
num_space_uncommitted: 0.
num_chunks_returned_to_freelist: 20.
num_chunks_taken_from_freelist: 2142.
num_chunk_merges: 10.
num_chunk_splits: 1354.
num_chunks_enlarged: 828.
num_purges: 2.
num_inconsistent_stats: 0.

CodeHeap 'non-profiled nmethods': size=120000Kb used=2098Kb max_used=2330Kb free=117902Kb
 bounds [0x000002de1aa20000, 0x000002de1ac90000, 0x000002de21f50000]
CodeHeap 'profiled nmethods': size=120000Kb used=9342Kb max_used=11637Kb free=110657Kb
 bounds [0x000002de134f0000, 0x000002de14050000, 0x000002de1aa20000]
CodeHeap 'non-nmethods': size=5760Kb used=1277Kb max_used=1357Kb free=4482Kb
 bounds [0x000002de12f50000, 0x000002de131c0000, 0x000002de134f0000]
 total_blobs=5209 nmethods=4603 adapters=519
 compilation: enabled
              stopped_count=0, restarted_count=0
 full_count=0

Compilation events (20 events):
Event: 30.024 Thread 0x000002de25cadc70 5556       2       java.net.URI::decode (6 bytes)
Event: 30.025 Thread 0x000002de25cadc70 nmethod 5556 0x000002de13aed890 code [0x000002de13aeda20, 0x000002de13aedb28]
Event: 30.060 Thread 0x000002de25cadc70 5558       2       java.net.URI::getPath (31 bytes)
Event: 30.060 Thread 0x000002de25cadc70 nmethod 5558 0x000002de13ae0290 code [0x000002de13ae0420, 0x000002de13ae0588]
Event: 30.094 Thread 0x000002de25cadc70 5559       2       org.eclipse.core.internal.filesystem.InternalFileSystemCore::getInstance (4 bytes)
Event: 30.094 Thread 0x000002de25cadc70 nmethod 5559 0x000002de13753a90 code [0x000002de13753c20, 0x000002de13753d18]
Event: 30.094 Thread 0x000002de25cadc70 5560   !   2       org.eclipse.core.internal.filesystem.InternalFileSystemCore::getFileSystem (100 bytes)
Event: 30.095 Thread 0x000002de25cadc70 nmethod 5560 0x000002de136d1810 code [0x000002de136d1a60, 0x000002de136d2198]
Event: 30.102 Thread 0x000002de25cadc70 5561       1       org.eclipse.core.filesystem.provider.FileInfo::getError (5 bytes)
Event: 30.102 Thread 0x000002de25cadc70 nmethod 5561 0x000002de1aa6f510 code [0x000002de1aa6f6a0, 0x000002de1aa6f778]
Event: 30.107 Thread 0x000002de25cadc70 5562       2       java.util.LinkedList::peek (18 bytes)
Event: 30.107 Thread 0x000002de25cadc70 nmethod 5562 0x000002de13b96e10 code [0x000002de13b96fa0, 0x000002de13b970f8]
Event: 30.155 Thread 0x000002de25cadc70 5564       3       org.eclipse.core.internal.dtree.DataTreeLookup::newLookup (12 bytes)
Event: 30.155 Thread 0x000002de25cadc70 nmethod 5564 0x000002de135e8090 code [0x000002de135e8240, 0x000002de135e8478]
Event: 30.178 Thread 0x000002de25cadc70 5565       2       org.eclipse.core.internal.localstore.UnifiedTreeNode::getLocalName (21 bytes)
Event: 30.178 Thread 0x000002de25cadc70 nmethod 5565 0x000002de13dd9110 code [0x000002de13dd92a0, 0x000002de13dd9418]
Event: 30.186 Thread 0x000002de25cadc70 5566   !   2       java.net.URI::create (23 bytes)
Event: 30.187 Thread 0x000002de25cadc70 nmethod 5566 0x000002de13686790 code [0x000002de13686960, 0x000002de13686c88]
Event: 30.187 Thread 0x000002de25cadc70 5567       2       org.eclipse.core.runtime.Path::fromOSString (9 bytes)
Event: 30.187 Thread 0x000002de25cadc70 nmethod 5567 0x000002de13e08b10 code [0x000002de13e08ca0, 0x000002de13e08e08]

GC Heap History (20 events):
Event: 27.649 GC heap before
{Heap before GC invocations=25 (full 2):
 PSYoungGen      total 25088K, used 24668K [0x00000000eab00000, 0x00000000ec780000, 0x0000000100000000)
  eden space 20992K, 100% used [0x00000000eab00000,0x00000000ebf80000,0x00000000ebf80000)
  from space 4096K, 89% used [0x00000000ec380000,0x00000000ec717180,0x00000000ec780000)
  to   space 4096K, 0% used [0x00000000ebf80000,0x00000000ebf80000,0x00000000ec380000)
 ParOldGen       total 68608K, used 36760K [0x00000000c0000000, 0x00000000c4300000, 0x00000000eab00000)
  object space 68608K, 53% used [0x00000000c0000000,0x00000000c23e6298,0x00000000c4300000)
 Metaspace       used 48132K, committed 48960K, reserved 1097728K
  class space    used 5180K, committed 5504K, reserved 1048576K
}
Event: 27.653 GC heap after
{Heap after GC invocations=25 (full 2):
 PSYoungGen      total 25088K, used 4076K [0x00000000eab00000, 0x00000000ed080000, 0x0000000100000000)
  eden space 20992K, 0% used [0x00000000eab00000,0x00000000eab00000,0x00000000ebf80000)
  from space 4096K, 99% used [0x00000000ebf80000,0x00000000ec37b168,0x00000000ec380000)
  to   space 8704K, 0% used [0x00000000ec800000,0x00000000ec800000,0x00000000ed080000)
 ParOldGen       total 68608K, used 40489K [0x00000000c0000000, 0x00000000c4300000, 0x00000000eab00000)
  object space 68608K, 59% used [0x00000000c0000000,0x00000000c278a408,0x00000000c4300000)
 Metaspace       used 48132K, committed 48960K, reserved 1097728K
  class space    used 5180K, committed 5504K, reserved 1048576K
}
Event: 27.833 GC heap before
{Heap before GC invocations=26 (full 2):
 PSYoungGen      total 25088K, used 25068K [0x00000000eab00000, 0x00000000ed080000, 0x0000000100000000)
  eden space 20992K, 100% used [0x00000000eab00000,0x00000000ebf80000,0x00000000ebf80000)
  from space 4096K, 99% used [0x00000000ebf80000,0x00000000ec37b168,0x00000000ec380000)
  to   space 8704K, 0% used [0x00000000ec800000,0x00000000ec800000,0x00000000ed080000)
 ParOldGen       total 68608K, used 40489K [0x00000000c0000000, 0x00000000c4300000, 0x00000000eab00000)
  object space 68608K, 59% used [0x00000000c0000000,0x00000000c278a408,0x00000000c4300000)
 Metaspace       used 48160K, committed 48960K, reserved 1097728K
  class space    used 5181K, committed 5504K, reserved 1048576K
}
Event: 27.839 GC heap after
{Heap after GC invocations=26 (full 2):
 PSYoungGen      total 26112K, used 4941K [0x00000000eab00000, 0x00000000ecd00000, 0x0000000100000000)
  eden space 20992K, 0% used [0x00000000eab00000,0x00000000eab00000,0x00000000ebf80000)
  from space 5120K, 96% used [0x00000000ec800000,0x00000000eccd3540,0x00000000ecd00000)
  to   space 6144K, 0% used [0x00000000ec100000,0x00000000ec100000,0x00000000ec700000)
 ParOldGen       total 68608K, used 44542K [0x00000000c0000000, 0x00000000c4300000, 0x00000000eab00000)
  object space 68608K, 64% used [0x00000000c0000000,0x00000000c2b7f948,0x00000000c4300000)
 Metaspace       used 48160K, committed 48960K, reserved 1097728K
  class space    used 5181K, committed 5504K, reserved 1048576K
}
Event: 28.012 GC heap before
{Heap before GC invocations=27 (full 2):
 PSYoungGen      total 26112K, used 25933K [0x00000000eab00000, 0x00000000ecd00000, 0x0000000100000000)
  eden space 20992K, 100% used [0x00000000eab00000,0x00000000ebf80000,0x00000000ebf80000)
  from space 5120K, 96% used [0x00000000ec800000,0x00000000eccd3540,0x00000000ecd00000)
  to   space 6144K, 0% used [0x00000000ec100000,0x00000000ec100000,0x00000000ec700000)
 ParOldGen       total 68608K, used 44542K [0x00000000c0000000, 0x00000000c4300000, 0x00000000eab00000)
  object space 68608K, 64% used [0x00000000c0000000,0x00000000c2b7f948,0x00000000c4300000)
 Metaspace       used 48172K, committed 48960K, reserved 1097728K
  class space    used 5181K, committed 5504K, reserved 1048576K
}
Event: 28.018 GC heap after
{Heap after GC invocations=27 (full 2):
 PSYoungGen      total 25600K, used 4517K [0x00000000eab00000, 0x00000000ec980000, 0x0000000100000000)
  eden space 20992K, 0% used [0x00000000eab00000,0x00000000eab00000,0x00000000ebf80000)
  from space 4608K, 98% used [0x00000000ec100000,0x00000000ec569538,0x00000000ec580000)
  to   space 4096K, 0% used [0x00000000ec580000,0x00000000ec580000,0x00000000ec980000)
 ParOldGen       total 68608K, used 49287K [0x00000000c0000000, 0x00000000c4300000, 0x00000000eab00000)
  object space 68608K, 71% used [0x00000000c0000000,0x00000000c3021fe0,0x00000000c4300000)
 Metaspace       used 48172K, committed 48960K, reserved 1097728K
  class space    used 5181K, committed 5504K, reserved 1048576K
}
Event: 28.176 GC heap before
{Heap before GC invocations=28 (full 2):
 PSYoungGen      total 25600K, used 25509K [0x00000000eab00000, 0x00000000ec980000, 0x0000000100000000)
  eden space 20992K, 100% used [0x00000000eab00000,0x00000000ebf80000,0x00000000ebf80000)
  from space 4608K, 98% used [0x00000000ec100000,0x00000000ec569538,0x00000000ec580000)
  to   space 4096K, 0% used [0x00000000ec580000,0x00000000ec580000,0x00000000ec980000)
 ParOldGen       total 68608K, used 49287K [0x00000000c0000000, 0x00000000c4300000, 0x00000000eab00000)
  object space 68608K, 71% used [0x00000000c0000000,0x00000000c3021fe0,0x00000000c4300000)
 Metaspace       used 48173K, committed 48960K, reserved 1097728K
  class space    used 5181K, committed 5504K, reserved 1048576K
}
Event: 28.180 GC heap after
{Heap after GC invocations=28 (full 2):
 PSYoungGen      total 21504K, used 4078K [0x00000000eab00000, 0x00000000ed280000, 0x0000000100000000)
  eden space 17408K, 0% used [0x00000000eab00000,0x00000000eab00000,0x00000000ebc00000)
  from space 4096K, 99% used [0x00000000ec580000,0x00000000ec97b810,0x00000000ec980000)
  to   space 9728K, 0% used [0x00000000ebc00000,0x00000000ebc00000,0x00000000ec580000)
 ParOldGen       total 68608K, used 53979K [0x00000000c0000000, 0x00000000c4300000, 0x00000000eab00000)
  object space 68608K, 78% used [0x00000000c0000000,0x00000000c34b6d08,0x00000000c4300000)
 Metaspace       used 48173K, committed 48960K, reserved 1097728K
  class space    used 5181K, committed 5504K, reserved 1048576K
}
Event: 28.341 GC heap before
{Heap before GC invocations=29 (full 2):
 PSYoungGen      total 21504K, used 21486K [0x00000000eab00000, 0x00000000ed280000, 0x0000000100000000)
  eden space 17408K, 100% used [0x00000000eab00000,0x00000000ebc00000,0x00000000ebc00000)
  from space 4096K, 99% used [0x00000000ec580000,0x00000000ec97b810,0x00000000ec980000)
  to   space 9728K, 0% used [0x00000000ebc00000,0x00000000ebc00000,0x00000000ec580000)
 ParOldGen       total 68608K, used 53979K [0x00000000c0000000, 0x00000000c4300000, 0x00000000eab00000)
  object space 68608K, 78% used [0x00000000c0000000,0x00000000c34b6d08,0x00000000c4300000)
 Metaspace       used 48190K, committed 48960K, reserved 1097728K
  class space    used 5181K, committed 5504K, reserved 1048576K
}
Event: 28.345 GC heap after
{Heap after GC invocations=29 (full 2):
 PSYoungGen      total 22016K, used 4351K [0x00000000eab00000, 0x00000000ec800000, 0x0000000100000000)
  eden space 17408K, 0% used [0x00000000eab00000,0x00000000eab00000,0x00000000ebc00000)
  from space 4608K, 94% used [0x00000000ebc00000,0x00000000ec03fd40,0x00000000ec080000)
  to   space 6144K, 0% used [0x00000000ec200000,0x00000000ec200000,0x00000000ec800000)
 ParOldGen       total 68608K, used 58136K [0x00000000c0000000, 0x00000000c4300000, 0x00000000eab00000)
  object space 68608K, 84% used [0x00000000c0000000,0x00000000c38c62b0,0x00000000c4300000)
 Metaspace       used 48190K, committed 48960K, reserved 1097728K
  class space    used 5181K, committed 5504K, reserved 1048576K
}
Event: 28.528 GC heap before
{Heap before GC invocations=30 (full 2):
 PSYoungGen      total 22016K, used 21759K [0x00000000eab00000, 0x00000000ec800000, 0x0000000100000000)
  eden space 17408K, 100% used [0x00000000eab00000,0x00000000ebc00000,0x00000000ebc00000)
  from space 4608K, 94% used [0x00000000ebc00000,0x00000000ec03fd40,0x00000000ec080000)
  to   space 6144K, 0% used [0x00000000ec200000,0x00000000ec200000,0x00000000ec800000)
 ParOldGen       total 68608K, used 58136K [0x00000000c0000000, 0x00000000c4300000, 0x00000000eab00000)
  object space 68608K, 84% used [0x00000000c0000000,0x00000000c38c62b0,0x00000000c4300000)
 Metaspace       used 48198K, committed 48960K, reserved 1097728K
  class space    used 5181K, committed 5504K, reserved 1048576K
}
Event: 28.532 GC heap after
{Heap after GC invocations=30 (full 2):
 PSYoungGen      total 21504K, used 3829K [0x00000000eab00000, 0x00000000ec600000, 0x0000000100000000)
  eden space 17408K, 0% used [0x00000000eab00000,0x00000000eab00000,0x00000000ebc00000)
  from space 4096K, 93% used [0x00000000ec200000,0x00000000ec5bd638,0x00000000ec600000)
  to   space 4608K, 0% used [0x00000000ebd00000,0x00000000ebd00000,0x00000000ec180000)
 ParOldGen       total 68608K, used 62362K [0x00000000c0000000, 0x00000000c4300000, 0x00000000eab00000)
  object space 68608K, 90% used [0x00000000c0000000,0x00000000c3ce6918,0x00000000c4300000)
 Metaspace       used 48198K, committed 48960K, reserved 1097728K
  class space    used 5181K, committed 5504K, reserved 1048576K
}
Event: 28.675 GC heap before
{Heap before GC invocations=31 (full 2):
 PSYoungGen      total 21504K, used 21237K [0x00000000eab00000, 0x00000000ec600000, 0x0000000100000000)
  eden space 17408K, 100% used [0x00000000eab00000,0x00000000ebc00000,0x00000000ebc00000)
  from space 4096K, 93% used [0x00000000ec200000,0x00000000ec5bd638,0x00000000ec600000)
  to   space 4608K, 0% used [0x00000000ebd00000,0x00000000ebd00000,0x00000000ec180000)
 ParOldGen       total 68608K, used 62362K [0x00000000c0000000, 0x00000000c4300000, 0x00000000eab00000)
  object space 68608K, 90% used [0x00000000c0000000,0x00000000c3ce6918,0x00000000c4300000)
 Metaspace       used 48204K, committed 49024K, reserved 1097728K
  class space    used 5181K, committed 5504K, reserved 1048576K
}
Event: 28.679 GC heap after
{Heap after GC invocations=31 (full 2):
 PSYoungGen      total 21504K, used 3963K [0x00000000eab00000, 0x00000000ec400000, 0x0000000100000000)
  eden space 17408K, 0% used [0x00000000eab00000,0x00000000eab00000,0x00000000ebc00000)
  from space 4096K, 96% used [0x00000000ebd00000,0x00000000ec0decb0,0x00000000ec100000)
  to   space 3072K, 0% used [0x00000000ec100000,0x00000000ec100000,0x00000000ec400000)
 ParOldGen       total 68608K, used 66025K [0x00000000c0000000, 0x00000000c4300000, 0x00000000eab00000)
  object space 68608K, 96% used [0x00000000c0000000,0x00000000c407a578,0x00000000c4300000)
 Metaspace       used 48204K, committed 49024K, reserved 1097728K
  class space    used 5181K, committed 5504K, reserved 1048576K
}
Event: 28.679 GC heap before
{Heap before GC invocations=32 (full 3):
 PSYoungGen      total 21504K, used 3963K [0x00000000eab00000, 0x00000000ec400000, 0x0000000100000000)
  eden space 17408K, 0% used [0x00000000eab00000,0x00000000eab00000,0x00000000ebc00000)
  from space 4096K, 96% used [0x00000000ebd00000,0x00000000ec0decb0,0x00000000ec100000)
  to   space 3072K, 0% used [0x00000000ec100000,0x00000000ec100000,0x00000000ec400000)
 ParOldGen       total 68608K, used 66025K [0x00000000c0000000, 0x00000000c4300000, 0x00000000eab00000)
  object space 68608K, 96% used [0x00000000c0000000,0x00000000c407a578,0x00000000c4300000)
 Metaspace       used 48204K, committed 49024K, reserved 1097728K
  class space    used 5181K, committed 5504K, reserved 1048576K
}
Event: 28.810 GC heap after
{Heap after GC invocations=32 (full 3):
 PSYoungGen      total 20480K, used 0K [0x00000000eab00000, 0x00000000ec400000, 0x0000000100000000)
  eden space 17408K, 0% used [0x00000000eab00000,0x00000000eab00000,0x00000000ebc00000)
  from space 3072K, 0% used [0x00000000ec100000,0x00000000ec100000,0x00000000ec400000)
  to   space 4096K, 0% used [0x00000000ebc00000,0x00000000ebc00000,0x00000000ec000000)
 ParOldGen       total 95232K, used 65797K [0x00000000c0000000, 0x00000000c5d00000, 0x00000000eab00000)
  object space 95232K, 69% used [0x00000000c0000000,0x00000000c4041448,0x00000000c5d00000)
 Metaspace       used 48204K, committed 49024K, reserved 1097728K
  class space    used 5181K, committed 5504K, reserved 1048576K
}
Event: 28.954 GC heap before
{Heap before GC invocations=33 (full 3):
 PSYoungGen      total 20480K, used 17408K [0x00000000eab00000, 0x00000000ec400000, 0x0000000100000000)
  eden space 17408K, 100% used [0x00000000eab00000,0x00000000ebc00000,0x00000000ebc00000)
  from space 3072K, 0% used [0x00000000ec100000,0x00000000ec100000,0x00000000ec400000)
  to   space 4096K, 0% used [0x00000000ebc00000,0x00000000ebc00000,0x00000000ec000000)
 ParOldGen       total 95232K, used 65797K [0x00000000c0000000, 0x00000000c5d00000, 0x00000000eab00000)
  object space 95232K, 69% used [0x00000000c0000000,0x00000000c4041448,0x00000000c5d00000)
 Metaspace       used 48225K, committed 49088K, reserved 1097728K
  class space    used 5186K, committed 5568K, reserved 1048576K
}
Event: 28.956 GC heap after
{Heap after GC invocations=33 (full 3):
 PSYoungGen      total 21504K, used 4077K [0x00000000eab00000, 0x00000000ec500000, 0x0000000100000000)
  eden space 17408K, 0% used [0x00000000eab00000,0x00000000eab00000,0x00000000ebc00000)
  from space 4096K, 99% used [0x00000000ebc00000,0x00000000ebffb410,0x00000000ec000000)
  to   space 4608K, 0% used [0x00000000ec080000,0x00000000ec080000,0x00000000ec500000)
 ParOldGen       total 95232K, used 65832K [0x00000000c0000000, 0x00000000c5d00000, 0x00000000eab00000)
  object space 95232K, 69% used [0x00000000c0000000,0x00000000c404a148,0x00000000c5d00000)
 Metaspace       used 48225K, committed 49088K, reserved 1097728K
  class space    used 5186K, committed 5568K, reserved 1048576K
}
Event: 29.950 GC heap before
{Heap before GC invocations=34 (full 3):
 PSYoungGen      total 21504K, used 21485K [0x00000000eab00000, 0x00000000ec500000, 0x0000000100000000)
  eden space 17408K, 100% used [0x00000000eab00000,0x00000000ebc00000,0x00000000ebc00000)
  from space 4096K, 99% used [0x00000000ebc00000,0x00000000ebffb410,0x00000000ec000000)
  to   space 4608K, 0% used [0x00000000ec080000,0x00000000ec080000,0x00000000ec500000)
 ParOldGen       total 95232K, used 65832K [0x00000000c0000000, 0x00000000c5d00000, 0x00000000eab00000)
  object space 95232K, 69% used [0x00000000c0000000,0x00000000c404a148,0x00000000c5d00000)
 Metaspace       used 48256K, committed 49088K, reserved 1097728K
  class space    used 5187K, committed 5568K, reserved 1048576K
}
Event: 29.954 GC heap after
{Heap after GC invocations=34 (full 3):
 PSYoungGen      total 20992K, used 3392K [0x00000000eab00000, 0x00000000ec400000, 0x0000000100000000)
  eden space 17408K, 0% used [0x00000000eab00000,0x00000000eab00000,0x00000000ebc00000)
  from space 3584K, 94% used [0x00000000ec080000,0x00000000ec3d02a0,0x00000000ec400000)
  to   space 4096K, 0% used [0x00000000ebc00000,0x00000000ebc00000,0x00000000ec000000)
 ParOldGen       total 95232K, used 69864K [0x00000000c0000000, 0x00000000c5d00000, 0x00000000eab00000)
  object space 95232K, 73% used [0x00000000c0000000,0x00000000c443a160,0x00000000c5d00000)
 Metaspace       used 48256K, committed 49088K, reserved 1097728K
  class space    used 5187K, committed 5568K, reserved 1048576K
}

Dll operation events (12 events):
Event: 0.021 Loaded shared library c:\Users\Alejo\.vscode\extensions\redhat.java-1.14.0-win32-x64\jre\17.0.5-win32-x86_64\bin\java.dll
Event: 0.444 Loaded shared library c:\Users\Alejo\.vscode\extensions\redhat.java-1.14.0-win32-x64\jre\17.0.5-win32-x86_64\bin\zip.dll
Event: 0.449 Loaded shared library C:\Users\Alejo\.vscode\extensions\redhat.java-1.14.0-win32-x64\jre\17.0.5-win32-x86_64\bin\instrument.dll
Event: 0.480 Loaded shared library C:\Users\Alejo\.vscode\extensions\redhat.java-1.14.0-win32-x64\jre\17.0.5-win32-x86_64\bin\net.dll
Event: 0.483 Loaded shared library C:\Users\Alejo\.vscode\extensions\redhat.java-1.14.0-win32-x64\jre\17.0.5-win32-x86_64\bin\nio.dll
Event: 0.499 Loaded shared library C:\Users\Alejo\.vscode\extensions\redhat.java-1.14.0-win32-x64\jre\17.0.5-win32-x86_64\bin\zip.dll
Event: 0.546 Loaded shared library C:\Users\Alejo\.vscode\extensions\redhat.java-1.14.0-win32-x64\jre\17.0.5-win32-x86_64\bin\jimage.dll
Event: 0.657 Loaded shared library c:\Users\Alejo\.vscode\extensions\redhat.java-1.14.0-win32-x64\jre\17.0.5-win32-x86_64\bin\verify.dll
Event: 12.795 Loaded shared library C:\Users\Alejo\AppData\Roaming\Code\User\globalStorage\redhat.java\1.14.0\config_win\org.eclipse.equinox.launcher\org.eclipse.equinox.launcher.win32.win32.x86_64_1.2.700.v20221108-1024\eclipse_11801.dll
Event: 13.865 Loaded shared library C:\Users\Alejo\.vscode\extensions\redhat.java-1.14.0-win32-x64\jre\17.0.5-win32-x86_64\bin\management.dll
Event: 13.870 Loaded shared library C:\Users\Alejo\.vscode\extensions\redhat.java-1.14.0-win32-x64\jre\17.0.5-win32-x86_64\bin\management_ext.dll
Event: 20.812 Loaded shared library C:\Users\Alejo\AppData\Local\Temp\jna-63346751\jna1459370134964233977.dll

Deoptimization events (20 events):
Event: 29.060 Thread 0x000002de26d3a080 DEOPT PACKING pc=0x000002de1aa7d32c sp=0x000000fa001fec30
Event: 29.060 Thread 0x000002de26d3a080 DEOPT UNPACKING pc=0x000002de12fa20a3 sp=0x000000fa001feb40 mode 2
Event: 29.844 Thread 0x000002de26d3a080 DEOPT PACKING pc=0x000002de13f7f40f sp=0x000000fa001fec10
Event: 29.844 Thread 0x000002de26d3a080 DEOPT UNPACKING pc=0x000002de12fa2843 sp=0x000000fa001fe170 mode 0
Event: 29.854 Thread 0x000002de26d3a080 DEOPT PACKING pc=0x000002de13f7f20b sp=0x000000fa001fec10
Event: 29.854 Thread 0x000002de26d3a080 DEOPT UNPACKING pc=0x000002de12fa2843 sp=0x000000fa001fe170 mode 0
Event: 29.865 Thread 0x000002de26d3a080 DEOPT PACKING pc=0x000002de13f7f20b sp=0x000000fa001fec10
Event: 29.865 Thread 0x000002de26d3a080 DEOPT UNPACKING pc=0x000002de12fa2843 sp=0x000000fa001fe170 mode 0
Event: 29.911 Thread 0x000002de26d3a080 DEOPT PACKING pc=0x000002de13f7f20b sp=0x000000fa001fec10
Event: 29.911 Thread 0x000002de26d3a080 DEOPT UNPACKING pc=0x000002de12fa2843 sp=0x000000fa001fe170 mode 0
Event: 29.942 Thread 0x000002de26d3a080 DEOPT PACKING pc=0x000002de13f7f20b sp=0x000000fa001fec10
Event: 29.942 Thread 0x000002de26d3a080 DEOPT UNPACKING pc=0x000002de12fa2843 sp=0x000000fa001fe170 mode 0
Event: 29.989 Thread 0x000002de26d3a080 DEOPT PACKING pc=0x000002de13f7f20b sp=0x000000fa001fec10
Event: 29.989 Thread 0x000002de26d3a080 DEOPT UNPACKING pc=0x000002de12fa2843 sp=0x000000fa001fe170 mode 0
Event: 30.125 Thread 0x000002de26d3a080 DEOPT PACKING pc=0x000002de13f7f20b sp=0x000000fa001fec10
Event: 30.125 Thread 0x000002de26d3a080 DEOPT UNPACKING pc=0x000002de12fa2843 sp=0x000000fa001fe170 mode 0
Event: 30.135 Thread 0x000002de26d3a080 DEOPT PACKING pc=0x000002de13f7f20b sp=0x000000fa001fec10
Event: 30.135 Thread 0x000002de26d3a080 DEOPT UNPACKING pc=0x000002de12fa2843 sp=0x000000fa001fe170 mode 0
Event: 30.143 Thread 0x000002de26d3a080 DEOPT PACKING pc=0x000002de13f7f20b sp=0x000000fa001fec10
Event: 30.143 Thread 0x000002de26d3a080 DEOPT UNPACKING pc=0x000002de12fa2843 sp=0x000000fa001fe170 mode 0

Classes unloaded (7 events):
Event: 14.201 Thread 0x000002de2413fc40 Unloading class 0x0000000100216800 'java/lang/invoke/LambdaForm$MH+0x0000000100216800'
Event: 14.201 Thread 0x000002de2413fc40 Unloading class 0x0000000100216400 'java/lang/invoke/LambdaForm$MH+0x0000000100216400'
Event: 14.201 Thread 0x000002de2413fc40 Unloading class 0x0000000100216000 'java/lang/invoke/LambdaForm$MH+0x0000000100216000'
Event: 14.201 Thread 0x000002de2413fc40 Unloading class 0x0000000100215c00 'java/lang/invoke/LambdaForm$MH+0x0000000100215c00'
Event: 14.201 Thread 0x000002de2413fc40 Unloading class 0x0000000100215400 'java/lang/invoke/LambdaForm$BMH+0x0000000100215400'
Event: 14.201 Thread 0x000002de2413fc40 Unloading class 0x0000000100215000 'java/lang/invoke/LambdaForm$DMH+0x0000000100215000'
Event: 14.201 Thread 0x000002de2413fc40 Unloading class 0x0000000100210400 'java/lang/invoke/LambdaForm$DMH+0x0000000100210400'

Classes redefined (0 events):
No events

Internal exceptions (20 events):
Event: 27.489 Thread 0x000002de26d39bb0 Exception <a 'sun/nio/fs/WindowsException'{0x00000000eac8f740}> (0x00000000eac8f740) 
thrown [s\src\hotspot\share\prims\jni.cpp, line 516]
Event: 27.500 Thread 0x000002de26d39bb0 Exception <a 'sun/nio/fs/WindowsException'{0x00000000eaca0c68}> (0x00000000eaca0c68) 
thrown [s\src\hotspot\share\prims\jni.cpp, line 516]
Event: 27.529 Thread 0x000002de26d39bb0 Exception <a 'sun/nio/fs/WindowsException'{0x00000000eb03ade8}> (0x00000000eb03ade8) 
thrown [s\src\hotspot\share\prims\jni.cpp, line 516]
Event: 27.532 Thread 0x000002de26d39bb0 Exception <a 'sun/nio/fs/WindowsException'{0x00000000eb041498}> (0x00000000eb041498) 
thrown [s\src\hotspot\share\prims\jni.cpp, line 516]
Event: 27.537 Thread 0x000002de26d39bb0 Exception <a 'sun/nio/fs/WindowsException'{0x00000000eb047230}> (0x00000000eb047230) 
thrown [s\src\hotspot\share\prims\jni.cpp, line 516]
Event: 27.540 Thread 0x000002de26d39bb0 Exception <a 'sun/nio/fs/WindowsException'{0x00000000eb04ce10}> (0x00000000eb04ce10) 
thrown [s\src\hotspot\share\prims\jni.cpp, line 516]
Event: 27.543 Thread 0x000002de26d39bb0 Exception <a 'sun/nio/fs/WindowsException'{0x00000000eb277f60}> (0x00000000eb277f60) 
thrown [s\src\hotspot\share\prims\jni.cpp, line 516]
Event: 27.574 Thread 0x000002de26d39bb0 Exception <a 'sun/nio/fs/WindowsException'{0x00000000eb55e428}> (0x00000000eb55e428) 
thrown [s\src\hotspot\share\prims\jni.cpp, line 516]
Event: 27.602 Thread 0x000002de26d39bb0 Exception <a 'sun/nio/fs/WindowsException'{0x00000000eb7b2b88}> (0x00000000eb7b2b88) 
thrown [s\src\hotspot\share\prims\jni.cpp, line 516]
Event: 27.604 Thread 0x000002de26d39bb0 Exception <a 'sun/nio/fs/WindowsException'{0x00000000ebacc408}> (0x00000000ebacc408) 
thrown [s\src\hotspot\share\prims\jni.cpp, line 516]
Event: 27.610 Thread 0x000002de26d39bb0 Exception <a 'sun/nio/fs/WindowsException'{0x00000000ebadc578}> (0x00000000ebadc578) 
thrown [s\src\hotspot\share\prims\jni.cpp, line 516]
Event: 27.610 Thread 0x000002de26d39bb0 Exception <a 'sun/nio/fs/WindowsException'{0x00000000ebaddee0}> (0x00000000ebaddee0) 
thrown [s\src\hotspot\share\prims\jni.cpp, line 516]
Event: 27.610 Thread 0x000002de26d39bb0 Exception <a 'sun/nio/fs/WindowsException'{0x00000000ebade3f8}> (0x00000000ebade3f8) 
thrown [s\src\hotspot\share\prims\jni.cpp, line 516]
Event: 27.610 Thread 0x000002de26d39bb0 Exception <a 'sun/nio/fs/WindowsException'{0x00000000ebade828}> (0x00000000ebade828) 
thrown [s\src\hotspot\share\prims\jni.cpp, line 516]
Event: 27.610 Thread 0x000002de26d39bb0 Exception <a 'sun/nio/fs/WindowsException'{0x00000000ebadefe8}> (0x00000000ebadefe8) 
thrown [s\src\hotspot\share\prims\jni.cpp, line 516]
Event: 27.614 Thread 0x000002de26d39bb0 Exception <a 'java/io/FileNotFoundException'{0x00000000ebae7db0}> (0x00000000ebae7db0) 
thrown [s\src\hotspot\share\prims\jni.cpp, line 516]
Event: 27.626 Thread 0x000002de26d39bb0 Exception <a 'java/io/FileNotFoundException'{0x00000000ebca9850}> (0x00000000ebca9850) 
thrown [s\src\hotspot\share\prims\jni.cpp, line 516]
Event: 27.628 Thread 0x000002de26d39bb0 Exception <a 'sun/nio/fs/WindowsException'{0x00000000ebcb0c98}> (0x00000000ebcb0c98) 
thrown [s\src\hotspot\share\prims\jni.cpp, line 516]
Event: 27.643 Thread 0x000002de26d39bb0 Exception <a 'sun/nio/fs/WindowsException'{0x00000000ebdcb0a8}> (0x00000000ebdcb0a8) 
thrown [s\src\hotspot\share\prims\jni.cpp, line 516]
Event: 27.659 Thread 0x000002de26d39bb0 Exception <a 'sun/nio/fs/WindowsException'{0x00000000eab0ed80}> (0x00000000eab0ed80) 
thrown [s\src\hotspot\share\prims\jni.cpp, line 516]

VM Operations (20 events):
Event: 27.885 Executing VM operation: HandshakeAllThreads
Event: 27.885 Executing VM operation: HandshakeAllThreads done
Event: 27.920 Executing VM operation: HandshakeAllThreads
Event: 27.920 Executing VM operation: HandshakeAllThreads done
Event: 27.942 Executing VM operation: HandshakeAllThreads
Event: 27.942 Executing VM operation: HandshakeAllThreads done
Event: 28.012 Executing VM operation: ParallelGCFailedAllocation
Event: 28.018 Executing VM operation: ParallelGCFailedAllocation done
Event: 28.175 Executing VM operation: ParallelGCFailedAllocation
Event: 28.181 Executing VM operation: ParallelGCFailedAllocation done
Event: 28.341 Executing VM operation: ParallelGCFailedAllocation
Event: 28.345 Executing VM operation: ParallelGCFailedAllocation done
Event: 28.527 Executing VM operation: ParallelGCFailedAllocation
Event: 28.532 Executing VM operation: ParallelGCFailedAllocation done
Event: 28.675 Executing VM operation: ParallelGCFailedAllocation
Event: 28.810 Executing VM operation: ParallelGCFailedAllocation done
Event: 28.953 Executing VM operation: ParallelGCFailedAllocation
Event: 28.956 Executing VM operation: ParallelGCFailedAllocation done
Event: 29.950 Executing VM operation: ParallelGCFailedAllocation
Event: 29.954 Executing VM operation: ParallelGCFailedAllocation done

Events (20 events):
Event: 27.954 Thread 0x000002de25cb8920 flushing nmethod 0x000002de13f9f010
Event: 27.954 Thread 0x000002de25cb8920 flushing nmethod 0x000002de13f9f890
Event: 27.954 Thread 0x000002de25cb8920 flushing nmethod 0x000002de13f9fe10
Event: 27.954 Thread 0x000002de25cb8920 flushing nmethod 0x000002de13fa5710
Event: 27.954 Thread 0x000002de25cb8920 flushing nmethod 0x000002de13fa6790
Event: 27.954 Thread 0x000002de25cb8920 flushing nmethod 0x000002de13fa7210
Event: 27.954 Thread 0x000002de25cb8920 flushing nmethod 0x000002de13fa9890
Event: 27.954 Thread 0x000002de25cb8920 flushing nmethod 0x000002de13faab10
Event: 27.954 Thread 0x000002de25cb8920 flushing nmethod 0x000002de13fafe90
Event: 27.954 Thread 0x000002de25cb8920 flushing nmethod 0x000002de13fb2410
Event: 27.954 Thread 0x000002de25cb8920 flushing nmethod 0x000002de13fb2d90
Event: 27.954 Thread 0x000002de25cb8920 flushing nmethod 0x000002de13fb3490
Event: 27.954 Thread 0x000002de25cb8920 flushing nmethod 0x000002de13fb4290
Event: 27.954 Thread 0x000002de25cb8920 flushing nmethod 0x000002de13fb5110
Event: 27.954 Thread 0x000002de25cb8920 flushing nmethod 0x000002de13fb6790
Event: 27.954 Thread 0x000002de25cb8920 flushing nmethod 0x000002de13fbde90
Event: 27.954 Thread 0x000002de25cb8920 flushing nmethod 0x000002de13fbed10
Event: 27.954 Thread 0x000002de25cb8920 flushing nmethod 0x000002de13fc3190
Event: 28.987 loading class java/util/ArrayDeque$DeqSpliterator
Event: 28.988 loading class java/util/ArrayDeque$DeqSpliterator done


Dynamic libraries:
0x00007ff67d8c0000 - 0x00007ff67d8ce000 	c:\Users\Alejo\.vscode\extensions\redhat.java-1.14.0-win32-x64\jre\17.0.5-win32-x86_64\bin\java.exe
0x00007ff881310000 - 0x00007ff881524000 	C:\WINDOWS\SYSTEM32\ntdll.dll
0x00007ff880160000 - 0x00007ff880223000 	C:\WINDOWS\System32\KERNEL32.DLL
0x00007ff87e8a0000 - 0x00007ff87ec3d000 	C:\WINDOWS\System32\KERNELBASE.dll
0x00007ff87eef0000 - 0x00007ff87f001000 	C:\WINDOWS\System32\ucrtbase.dll
0x00007ff866c20000 - 0x00007ff866c37000 	c:\Users\Alejo\.vscode\extensions\redhat.java-1.14.0-win32-x64\jre\17.0.5-win32-x86_64\bin\jli.dll
0x00007ff87f300000 - 0x00007ff87f4ad000 	C:\WINDOWS\System32\USER32.dll
0x00007ff866e20000 - 0x00007ff866e39000 	c:\Users\Alejo\.vscode\extensions\redhat.java-1.14.0-win32-x64\jre\17.0.5-win32-x86_64\bin\VCRUNTIME140.dll
0x00007ff87f010000 - 0x00007ff87f036000 	C:\WINDOWS\System32\win32u.dll
0x00007ff86bf10000 - 0x00007ff86c19e000 	C:\WINDOWS\WinSxS\amd64_microsoft.windows.common-controls_6595b64144ccf1df_6.0.22621.608_none_a9444ca7c10bb01d\COMCTL32.dll
0x00007ff880b10000 - 0x00007ff880b39000 	C:\WINDOWS\System32\GDI32.dll
0x00007ff8809f0000 - 0x00007ff880a97000 	C:\WINDOWS\System32\msvcrt.dll
0x00007ff87ed60000 - 0x00007ff87ee72000 	C:\WINDOWS\System32\gdi32full.dll
0x00007ff87ecc0000 - 0x00007ff87ed5a000 	C:\WINDOWS\System32\msvcp_win.dll
0x00007ff880760000 - 0x00007ff880792000 	C:\WINDOWS\System32\IMM32.DLL
0x00007ff87bab0000 - 0x00007ff87babc000 	c:\Users\Alejo\.vscode\extensions\redhat.java-1.14.0-win32-x64\jre\17.0.5-win32-x86_64\bin\vcruntime140_1.dll
0x00007ff85c8d0000 - 0x00007ff85c961000 	c:\Users\Alejo\.vscode\extensions\redhat.java-1.14.0-win32-x64\jre\17.0.5-win32-x86_64\bin\msvcp140.dll
0x00007ff831230000 - 0x00007ff831e74000 	c:\Users\Alejo\.vscode\extensions\redhat.java-1.14.0-win32-x64\jre\17.0.5-win32-x86_64\bin\server\jvm.dll
0x00007ff87fe40000 - 0x00007ff87feee000 	C:\WINDOWS\System32\ADVAPI32.dll
0x00007ff87fef0000 - 0x00007ff87ff94000 	C:\WINDOWS\System32\sechost.dll
0x00007ff8807a0000 - 0x00007ff8808b5000 	C:\WINDOWS\System32\RPCRT4.dll
0x00007ff87ba60000 - 0x00007ff87ba69000 	C:\WINDOWS\SYSTEM32\WSOCK32.dll
0x00007ff8806e0000 - 0x00007ff880751000 	C:\WINDOWS\System32\WS2_32.dll
0x00007ff878510000 - 0x00007ff878544000 	C:\WINDOWS\SYSTEM32\WINMM.dll
0x00007ff877f60000 - 0x00007ff877f6a000 	C:\WINDOWS\SYSTEM32\VERSION.dll
0x00007ff87d740000 - 0x00007ff87d758000 	C:\WINDOWS\SYSTEM32\kernel.appcore.dll
0x00007ff8746b0000 - 0x00007ff8746ba000 	c:\Users\Alejo\.vscode\extensions\redhat.java-1.14.0-win32-x64\jre\17.0.5-win32-x86_64\bin\jimage.dll
0x00007ff868d10000 - 0x00007ff868f3e000 	C:\WINDOWS\SYSTEM32\DBGHELP.DLL
0x00007ff880350000 - 0x00007ff8806da000 	C:\WINDOWS\System32\combase.dll
0x00007ff880ba0000 - 0x00007ff880c77000 	C:\WINDOWS\System32\OLEAUT32.dll
0x00007ff8689e0000 - 0x00007ff868a12000 	C:\WINDOWS\SYSTEM32\dbgcore.DLL
0x00007ff87ec40000 - 0x00007ff87ecbb000 	C:\WINDOWS\System32\bcryptPrimitives.dll
0x00007ff86e7c0000 - 0x00007ff86e7ce000 	c:\Users\Alejo\.vscode\extensions\redhat.java-1.14.0-win32-x64\jre\17.0.5-win32-x86_64\bin\instrument.dll
0x00007ff863f10000 - 0x00007ff863f35000 	c:\Users\Alejo\.vscode\extensions\redhat.java-1.14.0-win32-x64\jre\17.0.5-win32-x86_64\bin\java.dll
0x00007ff866b30000 - 0x00007ff866b48000 	c:\Users\Alejo\.vscode\extensions\redhat.java-1.14.0-win32-x64\jre\17.0.5-win32-x86_64\bin\zip.dll
0x00007ff87f650000 - 0x00007ff87fe3f000 	C:\WINDOWS\System32\SHELL32.dll
0x00007ff87c700000 - 0x00007ff87cfc8000 	C:\WINDOWS\SYSTEM32\windows.storage.dll
0x00007ff87c5c0000 - 0x00007ff87c6fe000 	C:\WINDOWS\SYSTEM32\wintypes.dll
0x00007ff880240000 - 0x00007ff880331000 	C:\WINDOWS\System32\SHCORE.dll
0x00007ff87f100000 - 0x00007ff87f15e000 	C:\WINDOWS\System32\shlwapi.dll
0x00007ff87e660000 - 0x00007ff87e681000 	C:\WINDOWS\SYSTEM32\profapi.dll
0x00007ff866090000 - 0x00007ff8660a9000 	C:\Users\Alejo\.vscode\extensions\redhat.java-1.14.0-win32-x64\jre\17.0.5-win32-x86_64\bin\net.dll
0x00007ff877e10000 - 0x00007ff877f3f000 	C:\WINDOWS\SYSTEM32\WINHTTP.dll
0x00007ff87dbb0000 - 0x00007ff87dc19000 	C:\WINDOWS\system32\mswsock.dll
0x00007ff85fb50000 - 0x00007ff85fb65000 	C:\Users\Alejo\.vscode\extensions\redhat.java-1.14.0-win32-x64\jre\17.0.5-win32-x86_64\bin\nio.dll
0x00007ff86e680000 - 0x00007ff86e690000 	c:\Users\Alejo\.vscode\extensions\redhat.java-1.14.0-win32-x64\jre\17.0.5-win32-x86_64\bin\verify.dll
0x00007ff85eee0000 - 0x00007ff85ef1e000 	C:\Users\Alejo\AppData\Roaming\Code\User\globalStorage\redhat.java\1.14.0\config_win\org.eclipse.equinox.launcher\org.eclipse.equinox.launcher.win32.win32.x86_64_1.2.700.v20221108-1024\eclipse_11801.dll
0x00007ff87f4b0000 - 0x00007ff87f64c000 	C:\WINDOWS\System32\ole32.dll
0x00007ff865ef0000 - 0x00007ff865ef9000 	C:\Users\Alejo\.vscode\extensions\redhat.java-1.14.0-win32-x64\jre\17.0.5-win32-x86_64\bin\management.dll
0x00007ff863e70000 - 0x00007ff863e7b000 	C:\Users\Alejo\.vscode\extensions\redhat.java-1.14.0-win32-x64\jre\17.0.5-win32-x86_64\bin\management_ext.dll
0x00007ff880db0000 - 0x00007ff880db8000 	C:\WINDOWS\System32\PSAPI.DLL
0x00007ff87de50000 - 0x00007ff87de6b000 	C:\WINDOWS\SYSTEM32\CRYPTSP.dll
0x00007ff87d6b0000 - 0x00007ff87d6e5000 	C:\WINDOWS\system32\rsaenh.dll
0x00007ff87dc70000 - 0x00007ff87dc98000 	C:\WINDOWS\SYSTEM32\USERENV.dll
0x00007ff87e0d0000 - 0x00007ff87e0f8000 	C:\WINDOWS\SYSTEM32\bcrypt.dll
0x00007ff87de70000 - 0x00007ff87de7c000 	C:\WINDOWS\SYSTEM32\CRYPTBASE.dll
0x00007ff87d220000 - 0x00007ff87d24d000 	C:\WINDOWS\SYSTEM32\IPHLPAPI.DLL
0x00007ff8809e0000 - 0x00007ff8809e9000 	C:\WINDOWS\System32\NSI.dll
0x00007ff877c40000 - 0x00007ff877c59000 	C:\WINDOWS\SYSTEM32\dhcpcsvc6.DLL
0x00007ff877c20000 - 0x00007ff877c3f000 	C:\WINDOWS\SYSTEM32\dhcpcsvc.DLL
0x00007ff87d290000 - 0x00007ff87d382000 	C:\WINDOWS\SYSTEM32\DNSAPI.dll
0x00007ff8604d0000 - 0x00007ff860510000 	C:\Users\Alejo\AppData\Local\Temp\jna-63346751\jna1459370134964233977.dll

dbghelp: loaded successfully - version: 4.0.5 - missing functions: none
symbol engine: initialized successfully - sym options: 0x614 - pdb path: .;c:\Users\Alejo\.vscode\extensions\redhat.java-1.14.0-win32-x64\jre\17.0.5-win32-x86_64\bin;C:\WINDOWS\SYSTEM32;C:\WINDOWS\WinSxS\amd64_microsoft.windows.common-controls_6595b64144ccf1df_6.0.22621.608_none_a9444ca7c10bb01d;c:\Users\Alejo\.vscode\extensions\redhat.java-1.14.0-win32-x64\jre\17.0.5-win32-x86_64\bin\server;C:\Users\Alejo\AppData\Roaming\Code\User\globalStorage\redhat.java\1.14.0\config_win\org.eclipse.equinox.launcher\org.eclipse.equinox.launcher.win32.win32.x86_64_1.2.700.v20221108-1024;C:\Users\Alejo\AppData\Local\Temp\jna-63346751

VM Arguments:
jvm_args: --add-modules=ALL-SYSTEM --add-opens=java.base/java.util=ALL-UNNAMED --add-opens=java.base/java.lang=ALL-UNNAMED --add-opens=java.base/sun.nio.fs=ALL-UNNAMED -Declipse.application=org.eclipse.jdt.ls.core.id1 -Dosgi.bundles.defaultStartLevel=4 -Declipse.product=org.eclipse.jdt.ls.core.product -Djava.import.generatesMetadataFilesAtProjectRoot=false -Dfile.encoding=utf8 -XX:+UseParallelGC -XX:GCTimeRatio=4 -XX:AdaptiveSizePolicyWeight=90 -Dsun.zip.disableMemoryMapping=true -Xmx1G -Xms100m -Xlog:disable -javaagent:c:\Users\Alejo\.vscode\extensions\redhat.java-1.14.0-win32-x64\lombok\lombok-1.18.24.jar -XX:+HeapDumpOnOutOfMemoryError -XX:HeapDumpPath=c:\Users\Alejo\AppData\Roaming\Code\User\workspaceStorage\b5ff5aca6eeaf91d04012298768f7f42\redhat.java 
java_command: c:\Users\Alejo\.vscode\extensions\redhat.java-1.14.0-win32-x64\server\plugins\org.eclipse.equinox.launcher_1.6.400.v20210924-0641.jar -configuration c:\Users\Alejo\AppData\Roaming\Code\User\globalStorage\redhat.java\1.14.0\config_win -data c:\Users\Alejo\AppData\Roaming\Code\User\workspaceStorage\b5ff5aca6eeaf91d04012298768f7f42\redhat.java\jdt_ws
java_class_path (initial): c:\Users\Alejo\.vscode\extensions\redhat.java-1.14.0-win32-x64\server\plugins\org.eclipse.equinox.launcher_1.6.400.v20210924-0641.jar
Launcher Type: SUN_STANDARD

[Global flags]
    uintx AdaptiveSizePolicyWeight                 = 90                                        {product} {command line}
     intx CICompilerCount                          = 4                                         {product} {ergonomic}
    uintx GCTimeRatio                              = 4                                         {product} {command line}
     bool HeapDumpOnOutOfMemoryError               = true                                   {manageable} {command line}
    ccstr HeapDumpPath                             = c:\Users\Alejo\AppData\Roaming\Code\User\workspaceStorage\b5ff5aca6eeaf91d04012298768f7f42\redhat.java         {manageable} {command line}
   size_t InitialHeapSize                          = 104857600                                 {product} {command line}
   size_t MaxHeapSize                              = 1073741824                                {product} {command line}
   size_t MaxNewSize                               = 357564416                                 {product} {ergonomic}
   size_t MinHeapDeltaBytes                        = 524288                                    {product} {ergonomic}
   size_t MinHeapSize                              = 104857600                                 {product} {command line}
   size_t NewSize                                  = 34603008                                  {product} {ergonomic}
    uintx NonNMethodCodeHeapSize                   = 5839372                                {pd product} {ergonomic}
    uintx NonProfiledCodeHeapSize                  = 122909434                              {pd product} {ergonomic}
   size_t OldSize                                  = 70254592                                  {product} {ergonomic}
    uintx ProfiledCodeHeapSize                     = 122909434                              {pd product} {ergonomic}
    uintx ReservedCodeCacheSize                    = 251658240                              {pd product} {ergonomic}
     bool SegmentedCodeCache                       = true                                      {product} {ergonomic}
   size_t SoftMaxHeapSize                          = 1073741824                             {manageable} {ergonomic}
     bool UseCompressedClassPointers               = true                           {product lp64_product} {ergonomic}
     bool UseCompressedOops                        = true                           {product lp64_product} {ergonomic}
     bool UseLargePagesIndividualAllocation        = false                                  {pd product} {ergonomic}
     bool UseParallelGC                            = true                                      {product} {command line}

Logging:
Log output configuration:
 #0: stdout all=off uptime,level,tags
 #1: stderr all=off uptime,level,tags

Environment Variables:
JAVA_HOME=C:\Program Files\Eclipse Adoptium\jdk-17.0.5.8-hotspot\
PATH=C:\Program Files\Eclipse Adoptium\jdk-17.0.5.8-hotspot\bin;C:\WINDOWS\system32;C:\WINDOWS;C:\WINDOWS\System32\Wbem;C:\WINDOWS\System32\WindowsPowerShell\v1.0\;C:\WINDOWS\System32\OpenSSH\;C:\Program Files\NVIDIA Corporation\NVIDIA NvDLISR;C:\Program Files (x86)\NVIDIA Corporation\PhysX\Common;C:\WINDOWS\system32;C:\WINDOWS;C:\WINDOWS\System32\Wbem;C:\WINDOWS\System32\WindowsPowerShell\v1.0\;C:\WINDOWS\System32\OpenSSH\;C:\Users\Alejo\AppData\Roaming\nvm;C:\Program Files\nodejs;C:\Program Files\Git\cmd;C:\Program Files\Docker\Docker\resources\bin;C:\Users\Alejo\AppData\Local\Programs\Python\Python311\Scripts\;C:\Users\Alejo\AppData\Local\Programs\Python\Python311\;C:\Users\Alejo\AppData\Local\Microsoft\WindowsApps;C:\Users\Alejo\AppData\Local\Programs\Microsoft VS Code\bin
USERNAME=Alejo
OS=Windows_NT
PROCESSOR_IDENTIFIER=Intel64 Family 6 Model 158 Stepping 10, GenuineIntel
TMP=C:\Users\Alejo\AppData\Local\Temp
TEMP=C:\Users\Alejo\AppData\Local\Temp



---------------  S Y S T E M  ---------------

OS:
 Windows 11 , 64 bit Build 22621 (10.0.22621.1105)
OS uptime: 7 days 17:57 hours
Hyper-V role detected

CPU: total 8 (initial active 8) (4 cores per cpu, 2 threads per core) family 6 model 158 stepping 10 microcode 0xde, cx8, cmov, fxsr, ht, mmx, 3dnowpref, sse, sse2, sse3, ssse3, sse4.1, sse4.2, popcnt, lzcnt, tsc, tscinvbit, avx, avx2, aes, erms, clmul, bmi1, bmi2, adx, fma, vzeroupper, clflush, clflushopt, hv

Memory: 4k page, system-wide physical 16224M (328M free)
TotalPageFile size 46018M (AvailPageFile size 83M)
current process WorkingSet (physical memory assigned to process): 260M, peak: 260M
current process commit charge ("private bytes"): 304M, peak: 309M

vm_info: OpenJDK 64-Bit Server VM (17.0.5+8) for windows-amd64 JRE (17.0.5+8), built on Oct 19 2022 04:48:13 by "temurin" with MS VC++ 16.7 (VS2019)

END.
